d:\dev\opengl\bin-int\debug-windows-x86_64\opengl\vc143.pdb
d:\dev\opengl\bin-int\debug-windows-x86_64\opengl\vc143.idb
d:\dev\opengl\bin-int\debug-windows-x86_64\opengl\stb_image.obj
d:\dev\opengl\bin-int\debug-windows-x86_64\opengl\shader.obj
d:\dev\opengl\bin-int\debug-windows-x86_64\opengl\buffers.obj
d:\dev\opengl\bin-int\debug-windows-x86_64\opengl\application.obj
d:\dev\opengl\bin-int\debug-windows-x86_64\opengl\texture2d.obj
d:\dev\opengl\bin-int\debug-windows-x86_64\opengl\debug.obj
d:\dev\opengl\bin-int\debug-windows-x86_64\opengl\vertexarray.obj
d:\dev\opengl\bin-int\debug-windows-x86_64\opengl\renderer.obj
d:\dev\opengl\bin-int\debug-windows-x86_64\opengl\camera.obj
d:\dev\opengl\bin-int\debug-windows-x86_64\opengl\mesh.obj
d:\dev\opengl\bin-int\debug-windows-x86_64\opengl\model.obj
d:\dev\opengl\bin-int\debug-windows-x86_64\opengl\opengl.ilk
d:\dev\opengl\bin-int\debug-windows-x86_64\opengl\orthocamera.obj
d:\dev\opengl\bin-int\debug-windows-x86_64\opengl\application.obj.enc
d:\dev\opengl\bin-int\debug-windows-x86_64\opengl\mesh.obj.enc
d:\dev\opengl\bin-int\debug-windows-x86_64\opengl\opengl.tlog\cl.command.1.tlog
d:\dev\opengl\bin-int\debug-windows-x86_64\opengl\opengl.tlog\cl.items.tlog
d:\dev\opengl\bin-int\debug-windows-x86_64\opengl\opengl.tlog\cl.read.1.tlog
d:\dev\opengl\bin-int\debug-windows-x86_64\opengl\opengl.tlog\cl.write.1.tlog
d:\dev\opengl\bin-int\debug-windows-x86_64\opengl\opengl.tlog\link-cvtres.read.1.tlog
d:\dev\opengl\bin-int\debug-windows-x86_64\opengl\opengl.tlog\link-cvtres.write.1.tlog
d:\dev\opengl\bin-int\debug-windows-x86_64\opengl\opengl.tlog\link-rc.read.1.tlog
d:\dev\opengl\bin-int\debug-windows-x86_64\opengl\opengl.tlog\link-rc.write.1.tlog
d:\dev\opengl\bin-int\debug-windows-x86_64\opengl\opengl.tlog\link.11576-cvtres.read.1.tlog
d:\dev\opengl\bin-int\debug-windows-x86_64\opengl\opengl.tlog\link.11576-cvtres.write.1.tlog
d:\dev\opengl\bin-int\debug-windows-x86_64\opengl\opengl.tlog\link.11576-rc.read.1.tlog
d:\dev\opengl\bin-int\debug-windows-x86_64\opengl\opengl.tlog\link.11576-rc.write.1.tlog
d:\dev\opengl\bin-int\debug-windows-x86_64\opengl\opengl.tlog\link.11576.read.1.tlog
d:\dev\opengl\bin-int\debug-windows-x86_64\opengl\opengl.tlog\link.11576.read.3.tlog
d:\dev\opengl\bin-int\debug-windows-x86_64\opengl\opengl.tlog\link.11576.write.1.tlog
d:\dev\opengl\bin-int\debug-windows-x86_64\opengl\opengl.tlog\link.command.1.tlog
d:\dev\opengl\bin-int\debug-windows-x86_64\opengl\opengl.tlog\link.read.1.tlog
d:\dev\opengl\bin-int\debug-windows-x86_64\opengl\opengl.tlog\link.read.2.tlog
d:\dev\opengl\bin-int\debug-windows-x86_64\opengl\opengl.tlog\link.read.3.tlog
d:\dev\opengl\bin-int\debug-windows-x86_64\opengl\opengl.tlog\link.secondary.1.tlog
d:\dev\opengl\bin-int\debug-windows-x86_64\opengl\opengl.tlog\link.write.1.tlog
